[debug] [2018-08-13T23:03:28.691Z] ----------------------------------------------------------------------
[debug] [2018-08-13T23:03:28.693Z] Command:       /usr/local/bin/node /usr/local/bin/firebase deploy
[debug] [2018-08-13T23:03:28.693Z] CLI Version:   4.0.3
[debug] [2018-08-13T23:03:28.693Z] Platform:      darwin
[debug] [2018-08-13T23:03:28.693Z] Node Version:  v8.11.2
[debug] [2018-08-13T23:03:28.694Z] Time:          Mon Aug 13 2018 16:03:28 GMT-0700 (PDT)
[debug] [2018-08-13T23:03:28.694Z] ----------------------------------------------------------------------
[debug] 
[debug] [2018-08-13T23:03:28.704Z] > command requires scopes: ["email","openid","https://www.googleapis.com/auth/cloudplatformprojects.readonly","https://www.googleapis.com/auth/firebase","https://www.googleapis.com/auth/cloud-platform"]
[debug] [2018-08-13T23:03:28.704Z] > authorizing via signed-in user
[debug] [2018-08-13T23:03:28.706Z] >>> HTTP REQUEST GET https://admin.firebase.com/v1/projects/justrid-62902  
  
 Mon Aug 13 2018 16:03:28 GMT-0700 (PDT)
[debug] [2018-08-13T23:03:29.666Z] <<< HTTP RESPONSE 200
[debug] [2018-08-13T23:03:29.667Z] >>> HTTP REQUEST GET https://admin.firebase.com/v1/database/justrid-62902/tokens  
  
 Mon Aug 13 2018 16:03:29 GMT-0700 (PDT)
[debug] [2018-08-13T23:03:30.160Z] <<< HTTP RESPONSE 200
[info] 
[info] === Deploying to 'justrid-62902'...
[info] 
[info] i  deploying hosting
[info] i  hosting: preparing public directory for upload...
[debug] [2018-08-13T23:03:31.943Z] >>> HTTP REQUEST PUT https://deploy.firebase.com/v1/hosting/justrid-62902/uploads/-LJpWvEgt0rDPxr2UmBa?fileCount=2895&message=  
  
 Mon Aug 13 2018 16:03:31 GMT-0700 (PDT)
